# JRE version: OpenJDK Runtime Environment Temurin-17.0.8.1+1 (17.0.8.1+1) (build 17.0.8.1+1)
# Java VM: OpenJDK 64-Bit Server VM Temurin-17.0.8.1+1 (17.0.8.1+1, mixed mode, tiered, compressed oops, compressed class ptrs, g1 gc, windows-amd64)
GC Precious Log:
 CPUs: 4 total, 4 available
 Memory: 7834M
 Large Page Support: Disabled
 NUMA Support: Disabled
 Compressed Oops: Enabled (32-bit)
 Heap Region Size: 1M
 Heap Min Capacity: 8M
 Heap Initial Capacity: 124M
 Heap Max Capacity: 1960M
 Pre-touch: Disabled
 Parallel Workers: 4
 Concurrent Workers: 1
 Concurrent Refinement Workers: 4
 Periodic GC: Disabled
Heap:
 garbage-first heap   total 65536K, used 33633K [0x0000000085800000, 0x0000000100000000)
  region size 1024K, 15 young (15360K), 2 survivors (2048K)
 Metaspace       used 35330K, committed 35648K, reserved 1114112K
  class space    used 3966K, committed 4096K, reserved 1048576K
GC Heap History (16 events):
Event: 1.137 GC heap before
{Heap before GC invocations=0 (full 0):
 garbage-first heap   total 126976K, used 19456K [0x0000000085800000, 0x0000000100000000)
  region size 1024K, 13 young (13312K), 0 survivors (0K)
 Metaspace       used 9062K, committed 9216K, reserved 1114112K
  class space    used 796K, committed 832K, reserved 1048576K
}
Event: 1.145 GC heap after
{Heap after GC invocations=1 (full 0):
 garbage-first heap   total 126976K, used 14203K [0x0000000085800000, 0x0000000100000000)
  region size 1024K, 2 young (2048K), 2 survivors (2048K)
 Metaspace       used 9062K, committed 9216K, reserved 1114112K
  class space    used 796K, committed 832K, reserved 1048576K
}
Event: 1.620 GC heap before
{Heap before GC invocations=1 (full 0):
 garbage-first heap   total 126976K, used 23419K [0x0000000085800000, 0x0000000100000000)
  region size 1024K, 11 young (11264K), 2 survivors (2048K)
 Metaspace       used 11630K, committed 11776K, reserved 1114112K
  class space    used 1153K, committed 1216K, reserved 1048576K
}
Event: 1.625 GC heap after
{Heap after GC invocations=2 (full 0):
 garbage-first heap   total 126976K, used 14576K [0x0000000085800000, 0x0000000100000000)
  region size 1024K, 1 young (1024K), 1 survivors (1024K)
 Metaspace       used 11630K, committed 11776K, reserved 1114112K
  class space    used 1153K, committed 1216K, reserved 1048576K
}
Event: 3.347 GC heap before
{Heap before GC invocations=2 (full 0):
 garbage-first heap   total 126976K, used 36080K [0x0000000085800000, 0x0000000100000000)
  region size 1024K, 23 young (23552K), 1 survivors (1024K)
 Metaspace       used 21267K, committed 21504K, reserved 1114112K
  class space    used 2317K, committed 2432K, reserved 1048576K
}
Event: 3.354 GC heap after
{Heap after GC invocations=3 (full 0):
 garbage-first heap   total 126976K, used 17270K [0x0000000085800000, 0x0000000100000000)
  region size 1024K, 4 young (4096K), 4 survivors (4096K)
 Metaspace       used 21267K, committed 21504K, reserved 1114112K
  class space    used 2317K, committed 2432K, reserved 1048576K
}
Event: 6.848 GC heap before
{Heap before GC invocations=4 (full 0):
 garbage-first heap   total 65536K, used 50038K [0x0000000085800000, 0x0000000100000000)
  region size 1024K, 37 young (37888K), 4 survivors (4096K)
 Metaspace       used 30585K, committed 30912K, reserved 1114112K
  class space    used 3514K, committed 3648K, reserved 1048576K
}
Event: 6.865 GC heap after
{Heap after GC invocations=5 (full 0):
 garbage-first heap   total 65536K, used 20571K [0x0000000085800000, 0x0000000100000000)
  region size 1024K, 4 young (4096K), 4 survivors (4096K)
 Metaspace       used 30585K, committed 30912K, reserved 1114112K
  class space    used 3514K, committed 3648K, reserved 1048576K
}
Event: 6.926 GC heap before
{Heap before GC invocations=5 (full 0):
 garbage-first heap   total 65536K, used 21595K [0x0000000085800000, 0x0000000100000000)
  region size 1024K, 5 young (5120K), 4 survivors (4096K)
 Metaspace       used 30767K, committed 31168K, reserved 1114112K
  class space    used 3537K, committed 3712K, reserved 1048576K
}
Event: 6.935 GC heap after
{Heap after GC invocations=6 (full 0):
 garbage-first heap   total 65536K, used 20922K [0x0000000085800000, 0x0000000100000000)
  region size 1024K, 1 young (1024K), 1 survivors (1024K)
 Metaspace       used 30767K, committed 31168K, reserved 1114112K
  class space    used 3537K, committed 3712K, reserved 1048576K
}
Event: 21.740 GC heap before
{Heap before GC invocations=6 (full 0):
 garbage-first heap   total 65536K, used 42426K [0x0000000085800000, 0x0000000100000000)
  region size 1024K, 22 young (22528K), 1 survivors (1024K)
 Metaspace       used 33650K, committed 34048K, reserved 1114112K
  class space    used 3818K, committed 3968K, reserved 1048576K
}
Event: 21.743 GC heap after
{Heap after GC invocations=7 (full 0):
 garbage-first heap   total 65536K, used 21111K [0x0000000085800000, 0x0000000100000000)
  region size 1024K, 1 young (1024K), 1 survivors (1024K)
 Metaspace       used 33650K, committed 34048K, reserved 1114112K
  class space    used 3818K, committed 3968K, reserved 1048576K
}
Event: 28.430 GC heap before
{Heap before GC invocations=7 (full 0):
 garbage-first heap   total 65536K, used 44663K [0x0000000085800000, 0x0000000100000000)
  region size 1024K, 24 young (24576K), 1 survivors (1024K)
 Metaspace       used 34334K, committed 34688K, reserved 1114112K
  class space    used 3870K, committed 4032K, reserved 1048576K
}
Event: 28.437 GC heap after
{Heap after GC invocations=8 (full 0):
 garbage-first heap   total 65536K, used 22156K [0x0000000085800000, 0x0000000100000000)
  region size 1024K, 2 young (2048K), 2 survivors (2048K)
 Metaspace       used 34334K, committed 34688K, reserved 1114112K
  class space    used 3870K, committed 4032K, reserved 1048576K
}
Event: 31.866 GC heap before
{Heap before GC invocations=8 (full 0):
 garbage-first heap   total 65536K, used 45708K [0x0000000085800000, 0x0000000100000000)
  region size 1024K, 26 young (26624K), 2 survivors (2048K)
 Metaspace       used 34478K, committed 34816K, reserved 1114112K
  class space    used 3876K, committed 4032K, reserved 1048576K
}
Event: 31.875 GC heap after
{Heap after GC invocations=9 (full 0):
 garbage-first heap   total 65536K, used 22369K [0x0000000085800000, 0x0000000100000000)
  region size 1024K, 2 young (2048K), 2 survivors (2048K)
 Metaspace       used 34478K, committed 34816K, reserved 1114112K
  class space    used 3876K, committed 4032K, reserved 1048576K
}

