GC Precious Log:
 CPUs: 4 total, 4 available
 Memory: 7834M
 Large Page Support: Disabled
 NUMA Support: Disabled
 Compressed Oops: Enabled (32-bit)
 Heap Region Size: 1M
 Heap Min Capacity: 8M
 Heap Initial Capacity: 124M
 Heap Max Capacity: 1960M
 Pre-touch: Disabled
 Parallel Workers: 4
 Concurrent Workers: 1
 Concurrent Refinement Workers: 4
 Periodic GC: Disabled
Heap:
 garbage-first heap   total 75776K, used 28560K [0x0000000085800000, 0x0000000100000000)
  region size 1024K, 9 young (9216K), 2 survivors (2048K)
 Metaspace       used 31676K, committed 32000K, reserved 1114112K
  class space    used 3334K, committed 3520K, reserved 1048576K
GC Heap History (20 events):
Event: 1.526 GC heap before
{Heap before GC invocations=1 (full 0):
 garbage-first heap   total 126976K, used 25988K [0x0000000085800000, 0x0000000100000000)
  region size 1024K, 12 young (12288K), 2 survivors (2048K)
 Metaspace       used 14167K, committed 14400K, reserved 1114112K
  class space    used 1403K, committed 1536K, reserved 1048576K
}
Event: 1.531 GC heap after
{Heap after GC invocations=2 (full 0):
 garbage-first heap   total 126976K, used 17778K [0x0000000085800000, 0x0000000100000000)
  region size 1024K, 2 young (2048K), 2 survivors (2048K)
 Metaspace       used 14167K, committed 14400K, reserved 1114112K
  class space    used 1403K, committed 1536K, reserved 1048576K
}
Event: 4.749 GC heap before
{Heap before GC invocations=2 (full 0):
 garbage-first heap   total 126976K, used 38258K [0x0000000085800000, 0x0000000100000000)
  region size 1024K, 24 young (24576K), 2 survivors (2048K)
 Metaspace       used 21201K, committed 21504K, reserved 1114112K
  class space    used 2241K, committed 2432K, reserved 1048576K
}
Event: 4.757 GC heap after
{Heap after GC invocations=3 (full 0):
 garbage-first heap   total 126976K, used 20820K [0x0000000085800000, 0x0000000100000000)
  region size 1024K, 4 young (4096K), 4 survivors (4096K)
 Metaspace       used 21201K, committed 21504K, reserved 1114112K
  class space    used 2241K, committed 2432K, reserved 1048576K
}
Event: 15.095 GC heap before
{Heap before GC invocations=4 (full 0):
 garbage-first heap   total 75776K, used 60756K [0x0000000085800000, 0x0000000100000000)
  region size 1024K, 44 young (45056K), 4 survivors (4096K)
 Metaspace       used 27916K, committed 28224K, reserved 1114112K
  class space    used 3100K, committed 3264K, reserved 1048576K
}
Event: 15.106 GC heap after
{Heap after GC invocations=5 (full 0):
 garbage-first heap   total 75776K, used 22638K [0x0000000085800000, 0x0000000100000000)
  region size 1024K, 6 young (6144K), 6 survivors (6144K)
 Metaspace       used 27916K, committed 28224K, reserved 1114112K
  class space    used 3100K, committed 3264K, reserved 1048576K
}
Event: 15.414 GC heap before
{Heap before GC invocations=5 (full 0):
 garbage-first heap   total 75776K, used 23662K [0x0000000085800000, 0x0000000100000000)
  region size 1024K, 7 young (7168K), 6 survivors (6144K)
 Metaspace       used 27925K, committed 28224K, reserved 1114112K
  class space    used 3100K, committed 3264K, reserved 1048576K
}
Event: 15.424 GC heap after
{Heap after GC invocations=6 (full 0):
 garbage-first heap   total 75776K, used 23059K [0x0000000085800000, 0x0000000100000000)
  region size 1024K, 1 young (1024K), 1 survivors (1024K)
 Metaspace       used 27925K, committed 28224K, reserved 1114112K
  class space    used 3100K, committed 3264K, reserved 1048576K
}
Event: 21.871 GC heap before
{Heap before GC invocations=6 (full 0):
 garbage-first heap   total 75776K, used 50707K [0x0000000085800000, 0x0000000100000000)
  region size 1024K, 29 young (29696K), 1 survivors (1024K)
 Metaspace       used 29121K, committed 29504K, reserved 1114112K
  class space    used 3192K, committed 3392K, reserved 1048576K
}
Event: 21.874 GC heap after
{Heap after GC invocations=7 (full 0):
 garbage-first heap   total 75776K, used 24087K [0x0000000085800000, 0x0000000100000000)
  region size 1024K, 2 young (2048K), 2 survivors (2048K)
 Metaspace       used 29121K, committed 29504K, reserved 1114112K
  class space    used 3192K, committed 3392K, reserved 1048576K
}
Event: 24.220 GC heap before
{Heap before GC invocations=7 (full 0):
 garbage-first heap   total 75776K, used 52759K [0x0000000085800000, 0x0000000100000000)
  region size 1024K, 31 young (31744K), 2 survivors (2048K)
 Metaspace       used 29321K, committed 29696K, reserved 1114112K
  class space    used 3200K, committed 3392K, reserved 1048576K
}
Event: 24.225 GC heap after
{Heap after GC invocations=8 (full 0):
 garbage-first heap   total 75776K, used 23340K [0x0000000085800000, 0x0000000100000000)
  region size 1024K, 1 young (1024K), 1 survivors (1024K)
 Metaspace       used 29321K, committed 29696K, reserved 1114112K
  class space    used 3200K, committed 3392K, reserved 1048576K
}
Event: 28.461 GC heap before
{Heap before GC invocations=8 (full 0):
 garbage-first heap   total 75776K, used 56108K [0x0000000085800000, 0x0000000100000000)
  region size 1024K, 34 young (34816K), 1 survivors (1024K)
 Metaspace       used 29688K, committed 30016K, reserved 1114112K
  class space    used 3205K, committed 3392K, reserved 1048576K
}
Event: 28.463 GC heap after
{Heap after GC invocations=9 (full 0):
 garbage-first heap   total 75776K, used 23397K [0x0000000085800000, 0x0000000100000000)
  region size 1024K, 2 young (2048K), 2 survivors (2048K)
 Metaspace       used 29688K, committed 30016K, reserved 1114112K
  class space    used 3205K, committed 3392K, reserved 1048576K
}
Event: 37.285 GC heap before
{Heap before GC invocations=9 (full 0):
 garbage-first heap   total 75776K, used 57189K [0x0000000085800000, 0x0000000100000000)
  region size 1024K, 36 young (36864K), 2 survivors (2048K)
 Metaspace       used 29944K, committed 30336K, reserved 1114112K
  class space    used 3205K, committed 3392K, reserved 1048576K
}
Event: 37.287 GC heap after
{Heap after GC invocations=10 (full 0):
 garbage-first heap   total 75776K, used 23490K [0x0000000085800000, 0x0000000100000000)
  region size 1024K, 2 young (2048K), 2 survivors (2048K)
 Metaspace       used 29944K, committed 30336K, reserved 1114112K
  class space    used 3205K, committed 3392K, reserved 1048576K
}
Event: 44.161 GC heap before
{Heap before GC invocations=10 (full 0):
 garbage-first heap   total 75776K, used 58306K [0x0000000085800000, 0x0000000100000000)
  region size 1024K, 37 young (37888K), 2 survivors (2048K)
 Metaspace       used 30220K, committed 30592K, reserved 1114112K
  class space    used 3206K, committed 3392K, reserved 1048576K
}
Event: 44.164 GC heap after
{Heap after GC invocations=11 (full 0):
 garbage-first heap   total 75776K, used 23443K [0x0000000085800000, 0x0000000100000000)
  region size 1024K, 2 young (2048K), 2 survivors (2048K)
 Metaspace       used 30220K, committed 30592K, reserved 1114112K
  class space    used 3206K, committed 3392K, reserved 1048576K
}
Event: 48.774 GC heap before
{Heap before GC invocations=11 (full 0):
 garbage-first heap   total 75776K, used 60307K [0x0000000085800000, 0x0000000100000000)
  region size 1024K, 39 young (39936K), 2 survivors (2048K)
 Metaspace       used 30251K, committed 30592K, reserved 1114112K
  class space    used 3206K, committed 3392K, reserved 1048576K
}
Event: 48.778 GC heap after
{Heap after GC invocations=12 (full 0):
 garbage-first heap   total 75776K, used 23440K [0x0000000085800000, 0x0000000100000000)
  region size 1024K, 2 young (2048K), 2 survivors (2048K)
 Metaspace       used 30251K, committed 30592K, reserved 1114112K
  class space    used 3206K, committed 3392K, reserved 1048576K
}

