# JRE version: OpenJDK Runtime Environment Temurin-17.0.8.1+1 (17.0.8.1+1) (build 17.0.8.1+1)
# Java VM: OpenJDK 64-Bit Server VM Temurin-17.0.8.1+1 (17.0.8.1+1, mixed mode, tiered, compressed oops, compressed class ptrs, g1 gc, windows-amd64)
GC Precious Log:
 CPUs: 4 total, 4 available
 Memory: 7834M
 Large Page Support: Disabled
 NUMA Support: Disabled
 Compressed Oops: Enabled (32-bit)
 Heap Region Size: 1M
 Heap Min Capacity: 8M
 Heap Initial Capacity: 124M
 Heap Max Capacity: 1960M
 Pre-touch: Disabled
 Parallel Workers: 4
 Concurrent Workers: 1
 Concurrent Refinement Workers: 4
 Periodic GC: Disabled
Heap:
 garbage-first heap   total 75776K, used 33916K [0x0000000085800000, 0x0000000100000000)
  region size 1024K, 13 young (13312K), 1 survivors (1024K)
 Metaspace       used 28218K, committed 28608K, reserved 1114112K
  class space    used 3131K, committed 3328K, reserved 1048576K
GC Heap History (10 events):
Event: 0.868 GC heap before
{Heap before GC invocations=0 (full 0):
 garbage-first heap   total 126976K, used 22528K [0x0000000085800000, 0x0000000100000000)
  region size 1024K, 13 young (13312K), 0 survivors (0K)
 Metaspace       used 9038K, committed 9152K, reserved 1114112K
  class space    used 823K, committed 896K, reserved 1048576K
}
Event: 0.878 GC heap after
{Heap after GC invocations=1 (full 0):
 garbage-first heap   total 126976K, used 16744K [0x0000000085800000, 0x0000000100000000)
  region size 1024K, 2 young (2048K), 2 survivors (2048K)
 Metaspace       used 9038K, committed 9152K, reserved 1114112K
  class space    used 823K, committed 896K, reserved 1048576K
}
Event: 1.548 GC heap before
{Heap before GC invocations=1 (full 0):
 garbage-first heap   total 126976K, used 28008K [0x0000000085800000, 0x0000000100000000)
  region size 1024K, 13 young (13312K), 2 survivors (2048K)
 Metaspace       used 14811K, committed 14976K, reserved 1114112K
  class space    used 1472K, committed 1536K, reserved 1048576K
}
Event: 1.554 GC heap after
{Heap after GC invocations=2 (full 0):
 garbage-first heap   total 126976K, used 18188K [0x0000000085800000, 0x0000000100000000)
  region size 1024K, 2 young (2048K), 2 survivors (2048K)
 Metaspace       used 14811K, committed 14976K, reserved 1114112K
  class space    used 1472K, committed 1536K, reserved 1048576K
}
Event: 3.686 GC heap before
{Heap before GC invocations=2 (full 0):
 garbage-first heap   total 126976K, used 36620K [0x0000000085800000, 0x0000000100000000)
  region size 1024K, 22 young (22528K), 2 survivors (2048K)
 Metaspace       used 21185K, committed 21504K, reserved 1114112K
  class space    used 2235K, committed 2432K, reserved 1048576K
}
Event: 3.693 GC heap after
{Heap after GC invocations=3 (full 0):
 garbage-first heap   total 126976K, used 20842K [0x0000000085800000, 0x0000000100000000)
  region size 1024K, 4 young (4096K), 4 survivors (4096K)
 Metaspace       used 21185K, committed 21504K, reserved 1114112K
  class space    used 2235K, committed 2432K, reserved 1048576K
}
Event: 6.724 GC heap before
{Heap before GC invocations=4 (full 0):
 garbage-first heap   total 75776K, used 50538K [0x0000000085800000, 0x0000000100000000)
  region size 1024K, 34 young (34816K), 4 survivors (4096K)
 Metaspace       used 27661K, committed 28032K, reserved 1114112K
  class space    used 3096K, committed 3264K, reserved 1048576K
}
Event: 6.736 GC heap after
{Heap after GC invocations=5 (full 0):
 garbage-first heap   total 75776K, used 22700K [0x0000000085800000, 0x0000000100000000)
  region size 1024K, 2 young (2048K), 2 survivors (2048K)
 Metaspace       used 27661K, committed 28032K, reserved 1114112K
  class space    used 3096K, committed 3264K, reserved 1048576K
}
Event: 6.886 GC heap before
{Heap before GC invocations=5 (full 0):
 garbage-first heap   total 75776K, used 23724K [0x0000000085800000, 0x0000000100000000)
  region size 1024K, 3 young (3072K), 2 survivors (2048K)
 Metaspace       used 27684K, committed 28032K, reserved 1114112K
  class space    used 3096K, committed 3264K, reserved 1048576K
}
Event: 6.890 GC heap after
{Heap after GC invocations=6 (full 0):
 garbage-first heap   total 75776K, used 22652K [0x0000000085800000, 0x0000000100000000)
  region size 1024K, 1 young (1024K), 1 survivors (1024K)
 Metaspace       used 27684K, committed 28032K, reserved 1114112K
  class space    used 3096K, committed 3264K, reserved 1048576K
}

