<?xml version="1.0" encoding="UTF-8"?>
<!-- Generated by org.testng.reporters.JUnitXMLReporter -->
<testsuite ignored="0" hostname="BLLCHETHANV" failures="0" tests="2" name="Default test" time="52.311" errors="0" timestamp="2024-02-14T17:19:56 IST">
  <testcase classname="com.keus.getapcs.testcases.TEST_Create" name="verifyOQCBinning" time="15.607"/>
  <testcase classname="com.keus.getapcs.testcases.TEST_Create" name="verifyInventryReportAfterOQCBinning" time="26.115"/>
</testsuite> <!-- Default test -->
