<?xml version="1.0" encoding="UTF-8"?>
<!-- Generated by org.testng.reporters.JUnitXMLReporter -->
<testsuite ignored="0" hostname="BLLCHETHANV" failures="0" tests="10" name="Default test" time="348.432" errors="0" timestamp="2024-02-06T12:54:03 IST">
  <testcase classname="com.keus.getapcs.testcases.TEST_Create" name="verifyPrice_ListCreate" time="12.34"/>
  <testcase classname="com.keus.getapcs.testcases.TEST_Create" name="verifyItemMasterCreate" time="72.021"/>
  <testcase classname="com.keus.getapcs.testcases.TEST_Create" name="verifyBomCreate" time="32.588"/>
  <testcase classname="com.keus.getapcs.testcases.TEST_Create" name="verifyReleaseBom" time="61.105"/>
  <testcase classname="com.keus.getapcs.testcases.TEST_Create" name="verifySalesItemPriceListCreate" time="23.012"/>
  <testcase classname="com.keus.getapcs.testcases.TEST_Create" name="verifySalesRFQCreate" time="29.938"/>
  <testcase classname="com.keus.getapcs.testcases.TEST_Create" name="verifySalesRFQCS" time="17.17"/>
  <testcase classname="com.keus.getapcs.testcases.TEST_Create" name="verifyQuoteCreate" time="20.084"/>
  <testcase classname="com.keus.getapcs.testcases.TEST_Create" name="verifySalesOrderCreate" time="34.273"/>
  <testcase classname="com.keus.getapcs.testcases.TEST_Create" name="verifyShopOrderCreate" time="33.244"/>
</testsuite> <!-- Default test -->
