<?xml version="1.0" encoding="UTF-8"?>
<testng-results ignored="0" total="2" passed="2" failed="0" skipped="0">
  <reporter-output>
  </reporter-output>
  <suite started-at="2024-02-14T17:19:03 IST" name="Default suite" finished-at="2024-02-14T17:19:56 IST" duration-ms="52311">
    <groups>
    </groups>
    <test started-at="2024-02-14T17:19:03 IST" name="Default test" finished-at="2024-02-14T17:19:56 IST" duration-ms="52311">
      <class name="com.keus.getapcs.testcases.TEST_Create">
        <test-method is-config="true" signature="setUp()[pri:0, instance:com.keus.getapcs.testcases.TEST_Create@1ef3efa8]" started-at="2024-02-14T17:19:03 IST" name="setUp" finished-at="2024-02-14T17:19:13 IST" duration-ms="9804" status="PASS">
          <reporter-output>
          </reporter-output>
        </test-method> <!-- setUp -->
        <test-method signature="verifyOQCBinning()[pri:31, instance:com.keus.getapcs.testcases.TEST_Create@1ef3efa8]" started-at="2024-02-14T17:19:13 IST" name="verifyOQCBinning" finished-at="2024-02-14T17:19:29 IST" duration-ms="15607" status="PASS">
          <reporter-output>
          </reporter-output>
        </test-method> <!-- verifyOQCBinning -->
        <test-method signature="verifyInventryReportAfterOQCBinning()[pri:32, instance:com.keus.getapcs.testcases.TEST_Create@1ef3efa8]" started-at="2024-02-14T17:19:29 IST" name="verifyInventryReportAfterOQCBinning" finished-at="2024-02-14T17:19:55 IST" duration-ms="26115" status="PASS">
          <reporter-output>
          </reporter-output>
        </test-method> <!-- verifyInventryReportAfterOQCBinning -->
        <test-method is-config="true" signature="tearDown()[pri:0, instance:com.keus.getapcs.testcases.TEST_Create@1ef3efa8]" started-at="2024-02-14T17:19:55 IST" name="tearDown" finished-at="2024-02-14T17:19:56 IST" duration-ms="698" status="PASS">
          <reporter-output>
          </reporter-output>
        </test-method> <!-- tearDown -->
      </class> <!-- com.keus.getapcs.testcases.TEST_Create -->
    </test> <!-- Default test -->
  </suite> <!-- Default suite -->
</testng-results>
