<?xml version="1.0" encoding="UTF-8"?>
<!-- Generated by org.testng.reporters.JUnitReportReporter -->
<testsuite hostname="BLLCHETHANV" failures="0" tests="54" name="com.getapcs.testcases.TEST" time="2233.994" errors="0" timestamp="2023-12-19T14:19:56 IST" skipped="0">
  <testcase classname="com.getapcs.testcases.TEST" name="verifyPrice_ListCreate" time="11.262"/>
  <testcase classname="com.getapcs.testcases.TEST" name="verifyItemMasterCreate" time="80.190"/>
  <testcase classname="com.getapcs.testcases.TEST" name="verifyItemMasterTable" time="70.901"/>
  <testcase classname="com.getapcs.testcases.TEST" name="verifyBomCreate" time="39.644"/>
  <testcase classname="com.getapcs.testcases.TEST" name="verifyEnggBomTable" time="70.748"/>
  <testcase classname="com.getapcs.testcases.TEST" name="verifyReleaseBom" time="61.500"/>
  <testcase classname="com.getapcs.testcases.TEST" name="verifyEnggBomReleaseBomTable" time="153.862"/>
  <testcase classname="com.getapcs.testcases.TEST" name="verifySalesItemPriceListCreate" time="22.157"/>
  <testcase classname="com.getapcs.testcases.TEST" name="verifyItemPriceListTable" time="35.322"/>
  <testcase classname="com.getapcs.testcases.TEST" name="verifySalesRFQCreate" time="34.023"/>
  <testcase classname="com.getapcs.testcases.TEST" name="verifySalesRFQCS" time="16.900"/>
  <testcase classname="com.getapcs.testcases.TEST" name="verifyRfqTable" time="71.917"/>
  <testcase classname="com.getapcs.testcases.TEST" name="verifyQuoteCreate" time="15.599"/>
  <testcase classname="com.getapcs.testcases.TEST" name="verifyQuoteTable" time="70.229"/>
  <testcase classname="com.getapcs.testcases.TEST" name="verifySalesOrderCreate" time="20.356"/>
  <testcase classname="com.getapcs.testcases.TEST" name="verifySalesOrderTable" time="71.328"/>
  <testcase classname="com.getapcs.testcases.TEST" name="verifyShopOrderCreate" time="30.607"/>
  <testcase classname="com.getapcs.testcases.TEST" name="verifyShopOrderTable" time="69.617"/>
  <testcase classname="com.getapcs.testcases.TEST" name="verifyMaterialIssue" time="18.263"/>
  <testcase classname="com.getapcs.testcases.TEST" name="verifyMaterialIssueTable" time="71.754"/>
  <testcase classname="com.getapcs.testcases.TEST" name="verifyPRcreate" time="53.025"/>
  <testcase classname="com.getapcs.testcases.TEST" name="verifyPR_Approval1" time="31.566"/>
  <testcase classname="com.getapcs.testcases.TEST" name="verifyPR_Approval2" time="31.620"/>
  <testcase classname="com.getapcs.testcases.TEST" name="verifyPRTable" time="47.203"/>
  <testcase classname="com.getapcs.testcases.TEST" name="verifyPurchaseOrderCreate" time="20.773"/>
  <testcase classname="com.getapcs.testcases.TEST" name="verifyPurchaseOrderApproval1" time="29.927"/>
  <testcase classname="com.getapcs.testcases.TEST" name="verifyPurchaseOrderApproval2" time="17.162"/>
  <testcase classname="com.getapcs.testcases.TEST" name="verifyPOTable" time="69.522"/>
  <testcase classname="com.getapcs.testcases.TEST" name="verifyGRINCreate" time="48.755"/>
  <testcase classname="com.getapcs.testcases.TEST" name="verifyGRINTable" time="73.759"/>
  <testcase classname="com.getapcs.testcases.TEST" name="verifyIQCCreate" time="25.322"/>
  <testcase classname="com.getapcs.testcases.TEST" name="verifyIQCConfirmationTable" time="71.104"/>
  <testcase classname="com.getapcs.testcases.TEST" name="verifyBinningCreate" time="37.954"/>
  <testcase classname="com.getapcs.testcases.TEST" name="verifyBinningTable" time="72.091"/>
  <testcase classname="com.getapcs.testcases.TEST" name="verifyMaterialIssueAfterPRPO" time="18.319"/>
  <testcase classname="com.getapcs.testcases.TEST" name="verifyShopOrderConfirmation" time="12.376"/>
  <testcase classname="com.getapcs.testcases.TEST" name="verifySOCTable" time="69.297"/>
  <testcase classname="com.getapcs.testcases.TEST" name="verifyOQC" time="11.249"/>
  <testcase classname="com.getapcs.testcases.TEST" name="verifyOQCTable" time="69.300"/>
  <testcase classname="com.getapcs.testcases.TEST" name="verifyOQCBinning" time="14.936"/>
  <testcase classname="com.getapcs.testcases.TEST" name="verifyOQCBiningTable" time="40.264"/>
  <testcase classname="com.getapcs.testcases.TEST" name="verifyDOCreate" time="19.147"/>
  <testcase classname="com.getapcs.testcases.TEST" name="verifyDOTable" time="69.578"/>
  <testcase classname="com.getapcs.testcases.TEST" name="verifyInvoiceCreate" time="25.086"/>
  <testcase classname="com.getapcs.testcases.TEST" name="verifyInvoiceTable" time="74.535"/>
  <testcase classname="com.getapcs.testcases.TEST" name="verifyItemMasterEdit" time="16.257"/>
  <testcase classname="com.getapcs.testcases.TEST" name="verifyBomEdit" time="11.820"/>
  <testcase classname="com.getapcs.testcases.TEST" name="verifySalesItemPriceListEdit" time="20.673"/>
  <testcase classname="com.getapcs.testcases.TEST" name="verifySalesRFQEdit" time="23.984"/>
  <testcase classname="com.getapcs.testcases.TEST" name="verifyQuoteEdit" time="12.947"/>
  <testcase classname="com.getapcs.testcases.TEST" name="verifySalesOrderEdit" time="19.254"/>
  <testcase classname="com.getapcs.testcases.TEST" name="verifyShopOrderEdit" time="10.551"/>
  <testcase classname="com.getapcs.testcases.TEST" name="verifyPR_Edit" time="18.776"/>
  <testcase classname="com.getapcs.testcases.TEST" name="verifyPoEdit" time="9.683"/>
</testsuite> <!-- com.getapcs.testcases.TEST -->
